{"total": {"lines":{"total":171,"covered":116,"skipped":0,"pct":67.83},"statements":{"total":194,"covered":135,"skipped":0,"pct":69.58},"functions":{"total":40,"covered":37,"skipped":0,"pct":92.5},"branches":{"total":158,"covered":104,"skipped":0,"pct":65.82},"branchesTrue":{"total":0,"covered":0,"skipped":0,"pct":100}}
,"/app/scripts/sweep-diff.mjs": {"lines":{"total":38,"covered":14,"skipped":0,"pct":36.84},"functions":{"total":9,"covered":7,"skipped":0,"pct":77.77},"statements":{"total":45,"covered":20,"skipped":0,"pct":44.44},"branches":{"total":21,"covered":8,"skipped":0,"pct":38.09}}
,"/app/src/i18n/index.ts": {"lines":{"total":4,"covered":4,"skipped":0,"pct":100},"functions":{"total":0,"covered":0,"skipped":0,"pct":100},"statements":{"total":4,"covered":4,"skipped":0,"pct":100},"branches":{"total":2,"covered":1,"skipped":0,"pct":50}}
,"/app/src/i18n/locales/en.json": {"lines":{"total":0,"covered":0,"skipped":0,"pct":100},"functions":{"total":0,"covered":0,"skipped":0,"pct":100},"statements":{"total":0,"covered":0,"skipped":0,"pct":100},"branches":{"total":0,"covered":0,"skipped":0,"pct":100}}
,"/app/src/i18n/locales/id.json": {"lines":{"total":0,"covered":0,"skipped":0,"pct":100},"functions":{"total":0,"covered":0,"skipped":0,"pct":100},"statements":{"total":0,"covered":0,"skipped":0,"pct":100},"branches":{"total":0,"covered":0,"skipped":0,"pct":100}}
,"/app/src/shared/utils/export-table.ts": {"lines":{"total":29,"covered":19,"skipped":0,"pct":65.51},"functions":{"total":9,"covered":8,"skipped":0,"pct":88.88},"statements":{"total":33,"covered":23,"skipped":0,"pct":69.69},"branches":{"total":20,"covered":18,"skipped":0,"pct":90}}
,"/app/src/shared/utils/format-id.ts": {"lines":{"total":38,"covered":37,"skipped":0,"pct":97.36},"functions":{"total":9,"covered":9,"skipped":0,"pct":100},"statements":{"total":46,"covered":43,"skipped":0,"pct":93.47},"branches":{"total":35,"covered":32,"skipped":0,"pct":91.42}}
,"/app/src/utils/sanitize.ts": {"lines":{"total":10,"covered":9,"skipped":0,"pct":90},"functions":{"total":3,"covered":3,"skipped":0,"pct":100},"statements":{"total":12,"covered":11,"skipped":0,"pct":91.66},"branches":{"total":4,"covered":4,"skipped":0,"pct":100}}
,"/app/src/utils/statusTranslations.ts": {"lines":{"total":28,"covered":28,"skipped":0,"pct":100},"functions":{"total":9,"covered":9,"skipped":0,"pct":100},"statements":{"total":29,"covered":29,"skipped":0,"pct":100},"branches":{"total":38,"covered":38,"skipped":0,"pct":100}}
,"/app/src/utils/translateAuthError.ts": {"lines":{"total":24,"covered":5,"skipped":0,"pct":20.83},"functions":{"total":1,"covered":1,"skipped":0,"pct":100},"statements":{"total":25,"covered":5,"skipped":0,"pct":20},"branches":{"total":38,"covered":3,"skipped":0,"pct":7.89}}
}
